Arguments: 
  /Users/bwillis/.fnm/node-versions/v12.13.0/installation/bin/node /usr/local/bin/yarn

PATH: 
  /var/folders/67/sztjdbwx4cd861_t4693s7380000gn/T/fnm-shell-737289/bin:/usr/local/bin:/usr/local/sbin:/usr/bin:/bin:/usr/sbin:/sbin:/usr/local/share/dotnet:/opt/X11/bin:~/.dotnet/tools:/Library/Frameworks/Mono.framework/Versions/Current/Commands:/Applications/Xamarin Workbooks.app/Contents/SharedSupport/path-bin

Yarn version: 
  1.17.3

Node version: 
  12.13.0

Platform: 
  darwin x64

Trace: 
  SyntaxError: /Users/bwillis/.dotfiles/npmbin/package.json: Unexpected token } in JSON at position 173
      at JSON.parse (<anonymous>)
      at /usr/local/lib/node_modules/yarn/lib/cli.js:1625:59
      at Generator.next (<anonymous>)
      at step (/usr/local/lib/node_modules/yarn/lib/cli.js:304:30)
      at /usr/local/lib/node_modules/yarn/lib/cli.js:315:13

npm manifest: 
  {
      "dependencies": {
        "diff-so-fancy": "^1.2.7",
        "expo-cli": "^3.1.2",
        "git-open": "^2.1.0",
        "git-recent": "^1.1.1",
        "neovim": "^4.5.0",
      }
    }

yarn manifest: 
  No manifest

Lockfile: 
  No lockfile
